<?xml version="1.0" encoding="UTF-8"?>
<!-- Generated by org.testng.reporters.JUnitReportReporter -->
<testsuite hostname="DESKTOP-80I711D" failures="0" tests="1" name="com.PracticeProject.Demo.DemoTest" time="3.118" errors="0" timestamp="2022-08-16T19:39:56 IST" skipped="0">
  <testcase classname="com.PracticeProject.Demo.DemoTest" name="DemoTest" time="3.118"/>
  <system-out/>
</testsuite> <!-- com.PracticeProject.Demo.DemoTest -->
